INFO:  latexindent version 3.9.1, 2021-03-21, a script to indent .tex files
       latexindent lives here: /usr/local/texlive/2021/texmf-dist/scripts/latexindent/
       Fri Jan  7 13:22:26 2022
       Reading input from STDIN
INFO:  Processing switches:
INFO:  Directory for backup files and indent.log: .
INFO:  YAML settings read: defaultSettings.yaml
        Reading defaultSettings.yaml from /usr/local/texlive/2021/texmf-dist/scripts/latexindent/defaultSettings.yaml
INFO:  YAML settings read: indentconfig.yaml or .indentconfig.yaml
       Reading path information from /Users/danilshvalov/indentconfig.yaml
       (Alternatively /Users/danilshvalov/.indentconfig.yaml can be used)
       ---
       paths:
         - /Users/danilshvalov/latexindent.yaml

INFO:  YAML settings, reading from the following files:
       Reading USER settings from /Users/danilshvalov/latexindent.yaml
       ---
       defaultIndent: '    '

INFO:  Phase 1: searching for objects
INFO:  Phase 2: finding surrounding indentation
INFO:  Phase 3: indenting objects
INFO:  Phase 4: final indentation check
INFO:  Output routine:
       Not outputting to file; see -w and -o switches for more options.
       --------------
INFO:  Please direct all communication/issues to:
        https://github.com/cmhughes/latexindent.pl
